"../../../../../../Users/xmigu/Desktop/ScrollLateral/ScrollLateralClases/scroll_lateral.zip/Content/Geometry/Meshes/CubeMaterial.uasset" 0
"../../../../../../Users/xmigu/Desktop/ScrollLateral/ScrollLateralClases/scroll_lateral.zip/Content/Geometry/Meshes/1M_Cube_Chamfer.uasset" 1
"../../../../../../Users/xmigu/Desktop/ScrollLateral/ScrollLateralClases/scroll_lateral.zip/Content/Geometry/Meshes/TemplateFloor.uasset" 2
"../../../../../../Users/xmigu/Desktop/ScrollLateral/ScrollLateralClases/scroll_lateral.zip/Content/Mannequin/Animations/BS_CrouchWalk.uasset" 3
"../../../../../../Users/xmigu/Desktop/ScrollLateral/ScrollLateralClases/scroll_lateral.zip/Content/Mannequin/Animations/Crouch_Idle_Rifle_Hip.uasset" 4
"../../../../../../Users/xmigu/Desktop/ScrollLateral/ScrollLateralClases/scroll_lateral.zip/Content/Mannequin/Animations/Crouch_to_Stand_Rifle_Hip.uasset" 5
"../../../../../../Users/xmigu/Desktop/ScrollLateral/ScrollLateralClases/scroll_lateral.zip/Content/Mannequin/Animations/Crouch_to_Stand_Rifle_Ironsights.uasset" 6
"../../../../../../Users/xmigu/Desktop/ScrollLateral/ScrollLateralClases/scroll_lateral.zip/Content/Mannequin/Animations/Crouch_Walk_Bwd_Rifle_Hip.uasset" 7
"../../../../../../Users/xmigu/Desktop/ScrollLateral/ScrollLateralClases/scroll_lateral.zip/Content/Mannequin/Character/Mesh/UE4_Mannequin_Skeleton.uasset" 8
"../../../Engine/Content/Animation/DefaultAnimCurveCompressionSettings.uasset" 9
"../../../Engine/Content/Animation/DefaultAnimBoneCompressionSettings.uasset" 10
"../../../../../../Users/xmigu/Desktop/ScrollLateral/ScrollLateralClases/scroll_lateral.zip/Content/Mannequin/Animations/Crouch_Walk_Bwd_Rifle_Ironsights.uasset" 11
"../../../../../../Users/xmigu/Desktop/ScrollLateral/ScrollLateralClases/scroll_lateral.zip/Content/Mannequin/Animations/Crouch_Walk_Fwd_Rifle_Hip.uasset" 12
"../../../../../../Users/xmigu/Desktop/ScrollLateral/ScrollLateralClases/scroll_lateral.zip/Content/Mannequin/Animations/Crouch_Walk_Fwd_Rifle_Ironsights.uasset" 13
"../../../../../../Users/xmigu/Desktop/ScrollLateral/ScrollLateralClases/scroll_lateral.zip/Content/Mannequin/Animations/Crouch_Walk_Lt_Rifle_Hip.uasset" 14
"../../../../../../Users/xmigu/Desktop/ScrollLateral/ScrollLateralClases/scroll_lateral.zip/Content/Mannequin/Animations/Crouch_Walk_Lt_Rifle_Ironsights.uasset" 15
"../../../../../../Users/xmigu/Desktop/ScrollLateral/ScrollLateralClases/scroll_lateral.zip/Content/Mannequin/Animations/Crouch_Walk_Rt_Rifle_Hip.uasset" 16
"../../../../../../Users/xmigu/Desktop/ScrollLateral/ScrollLateralClases/scroll_lateral.zip/Content/Mannequin/Animations/Crouch_Walk_Rt_Rifle_Ironsights.uasset" 17
"../../../../../../Users/xmigu/Desktop/ScrollLateral/ScrollLateralClases/scroll_lateral.zip/Content/Mannequin/Animations/Stand_to_Crouch_Rifle_Hip.uasset" 18
"../../../../../../Users/xmigu/Desktop/ScrollLateral/ScrollLateralClases/scroll_lateral.zip/Content/Mannequin/Animations/Stand_to_Crouch_Rifle_Ironsights.uasset" 19
"../../../../../../Users/xmigu/Desktop/ScrollLateral/ScrollLateralClases/scroll_lateral.zip/Content/Mannequin/Animations/ThirdPersonJump_End.uasset" 20
"../../../../../../Users/xmigu/Desktop/ScrollLateral/ScrollLateralClases/scroll_lateral.zip/Content/Mannequin/Character/Mesh/SK_Mannequin_Female_PhysicsAsset.uasset" 21
"../../../../../../Users/xmigu/Desktop/ScrollLateral/ScrollLateralClases/scroll_lateral.zip/Content/Mannequin/Character/Textures/T_UE4Logo_N.uasset" 22
"../../../../../../Users/xmigu/Desktop/ScrollLateral/ScrollLateralClases/scroll_lateral.zip/Content/Mannequin/Character/Textures/T_UE4Logo_Mask.uasset" 23
"../../../../../../Users/xmigu/Desktop/ScrollLateral/ScrollLateralClases/scroll_lateral.zip/Content/Mannequin/Character/Textures/T_Male_N.uasset" 24
"../../../../../../Users/xmigu/Desktop/ScrollLateral/ScrollLateralClases/scroll_lateral.zip/Content/Mannequin/Character/Textures/T_Male_Mask.uasset" 25
"../../../../../../Users/xmigu/Desktop/ScrollLateral/ScrollLateralClases/scroll_lateral.zip/Content/Mannequin/Character/Materials/MaterialLayers/T_ML_Rubber_Blue_01_N.uasset" 26
"../../../../../../Users/xmigu/Desktop/ScrollLateral/ScrollLateralClases/scroll_lateral.zip/Content/Mannequin/Character/Materials/MaterialLayers/T_ML_Rubber_Blue_01_D.uasset" 27
"../../../../../../Users/xmigu/Desktop/ScrollLateral/ScrollLateralClases/scroll_lateral.zip/Content/Mannequin/Character/Materials/MaterialLayers/T_ML_Aluminum01_N.uasset" 28
"../../../../../../Users/xmigu/Desktop/ScrollLateral/ScrollLateralClases/scroll_lateral.zip/Content/Mannequin/Character/Materials/MaterialLayers/T_ML_Aluminum01.uasset" 29
"../../../../../../Users/xmigu/Desktop/ScrollLateral/ScrollLateralClases/scroll_lateral.zip/Content/Mannequin/Character/Materials/MaterialLayers/ML_SoftMetal_UE4.uasset" 30
"../../../../../../Users/xmigu/Desktop/ScrollLateral/ScrollLateralClases/scroll_lateral.zip/Content/Mannequin/Character/Materials/MaterialLayers/ML_Plastic_Shiny_Beige_LOGO.uasset" 31
"../../../../../../Users/xmigu/Desktop/ScrollLateral/ScrollLateralClases/scroll_lateral.zip/Content/Mannequin/Character/Materials/MaterialLayers/ML_Plastic_Shiny_Beige.uasset" 32
"../../../../../../Users/xmigu/Desktop/ScrollLateral/ScrollLateralClases/scroll_lateral.zip/Content/Mannequin/Character/Materials/MaterialLayers/ML_GlossyBlack_Latex_UE4.uasset" 33
"../../../Engine/Content/Functions/MaterialLayerFunctions/MatLayerBlend_Simple.uasset" 34
"../../../Engine/Content/Functions/Engine_MaterialFunctions02/Utility/BlendAngleCorrectedNormals.uasset" 35
"../../../Engine/Content/Functions/MaterialLayerFunctions/MatLayerBlend_NormalBlend.uasset" 36
"../../../../../../Users/xmigu/Desktop/ScrollLateral/ScrollLateralClases/scroll_lateral.zip/Content/Mannequin/Character/Materials/M_Male_Body.uasset" 37
"../../../../../../Users/xmigu/Desktop/ScrollLateral/ScrollLateralClases/scroll_lateral.zip/Content/Mannequin/Character/Materials/M_UE4Man_ChestLogo.uasset" 38
"../../../../../../Users/xmigu/Desktop/ScrollLateral/ScrollLateralClases/scroll_lateral.zip/Content/Mannequin/Character/Textures/T_Female_N.uasset" 39
"../../../../../../Users/xmigu/Desktop/ScrollLateral/ScrollLateralClases/scroll_lateral.zip/Content/Mannequin/Character/Textures/T_Female_Mask.uasset" 40
"../../../../../../Users/xmigu/Desktop/ScrollLateral/ScrollLateralClases/scroll_lateral.zip/Content/Mannequin/Character/Materials/MI_Female_Body.uasset" 41
"../../../../../../Users/xmigu/Desktop/ScrollLateral/ScrollLateralClases/scroll_lateral.zip/Content/Mannequin/Character/Mesh/SK_Mannequin_Female.uasset" 42
"../../../../../../Users/xmigu/Desktop/ScrollLateral/ScrollLateralClases/scroll_lateral.zip/Content/Mannequin/Character/Materials/T_Lamp_N.uasset" 43
"../../../../../../Users/xmigu/Desktop/ScrollLateral/ScrollLateralClases/scroll_lateral.zip/Content/Mannequin/Character/Materials/T_Lamp_M.uasset" 44
"../../../../../../Users/xmigu/Desktop/ScrollLateral/ScrollLateralClases/scroll_lateral.zip/Content/Mannequin/Character/Materials/M_Lamp.uasset" 45
"../../../../../../Users/xmigu/Desktop/ScrollLateral/ScrollLateralClases/scroll_lateral.zip/Content/SideScrollerBP/Blueprints/Damageable.uasset" 46
"../../../../../../Users/xmigu/Desktop/ScrollLateral/ScrollLateralClases/scroll_lateral.zip/Content/SideScrollerBP/Materials/Util.uasset" 47
"../../../../../../Users/xmigu/Desktop/ScrollLateral/ScrollLateralClases/scroll_lateral.zip/Content/Geometry/Meshes/1M_Cube.uasset" 48
"../../../../../../Users/xmigu/Desktop/ScrollLateral/ScrollLateralClases/scroll_lateral.zip/Content/SideScrollerBP/Blueprints/Throwable.uasset" 49
"../../../../../../Users/xmigu/Desktop/ScrollLateral/ScrollLateralClases/scroll_lateral.zip/Content/SideScrollerBP/Blueprints/FC_SpeedAngle.uasset" 50
"../../../../../../Users/xmigu/Desktop/ScrollLateral/ScrollLateralClases/scroll_lateral.zip/Content/Mannequin/Character/Mesh/SK_Mannequin_PhysicsAsset.uasset" 51
"../../../../../../Users/xmigu/Desktop/ScrollLateral/ScrollLateralClases/scroll_lateral.zip/Content/Mannequin/Character/Mesh/SK_Mannequin.uasset" 52
"../../../Engine/Content/EditorBlueprintResources/StandardMacros.uasset" 53
"../../../../../../Users/xmigu/Desktop/ScrollLateral/ScrollLateralClases/scroll_lateral.zip/Content/Mannequin/Animations/ThirdPersonWalk.uasset" 54
"../../../../../../Users/xmigu/Desktop/ScrollLateral/ScrollLateralClases/scroll_lateral.zip/Content/Mannequin/Animations/ThirdPersonRun.uasset" 55
"../../../../../../Users/xmigu/Desktop/ScrollLateral/ScrollLateralClases/scroll_lateral.zip/Content/Mannequin/Animations/ThirdPersonIdle.uasset" 56
"../../../../../../Users/xmigu/Desktop/ScrollLateral/ScrollLateralClases/scroll_lateral.zip/Content/Mannequin/Animations/ThirdPerson_IdleRun_2D.uasset" 57
"../../../../../../Users/xmigu/Desktop/ScrollLateral/ScrollLateralClases/scroll_lateral.zip/Content/Mannequin/Animations/ThirdPerson_Jump.uasset" 58
"../../../../../../Users/xmigu/Desktop/ScrollLateral/ScrollLateralClases/scroll_lateral.zip/Content/Mannequin/Animations/ThirdPersonJump_Start.uasset" 59
"../../../../../../Users/xmigu/Desktop/ScrollLateral/ScrollLateralClases/scroll_lateral.zip/Content/Mannequin/Animations/ThirdPersonJump_Loop.uasset" 60
"../../../../../../Users/xmigu/Desktop/ScrollLateral/ScrollLateralClases/scroll_lateral.zip/Content/Mannequin/Animations/Crouch_Idle_Rifle_Ironsights.uasset" 61
"../../../../../../Users/xmigu/Desktop/ScrollLateral/ScrollLateralClases/scroll_lateral.zip/Content/Mannequin/Animations/ThirdPerson_AnimBP.uasset" 62
"../../../../../../Users/xmigu/Desktop/ScrollLateral/ScrollLateralClases/scroll_lateral.zip/Content/SideScrollerBP/Blueprints/Hero.uasset" 63
"../../../../../../Users/xmigu/Desktop/ScrollLateral/ScrollLateralClases/scroll_lateral.zip/Content/SideScrollerBP/Blueprints/Vigia.uasset" 64
"../../../../../../Users/xmigu/Desktop/ScrollLateral/ScrollLateralClases/scroll_lateral.zip/Content/SideScrollerBP/Blueprints/Enemy.uasset" 65
"../../../../../../Users/xmigu/Desktop/ScrollLateral/ScrollLateralClases/scroll_lateral.zip/Content/SideScrollerBP/Enemy.uasset" 66
"../../../../../../Users/xmigu/Desktop/ScrollLateral/ScrollLateralClases/scroll_lateral.zip/Content/SideScrollerBP/Blueprints/SideScrollerGameMode.uasset" 67
"../../../../../../Users/xmigu/Desktop/ScrollLateral/ScrollLateralClases/scroll_lateral.zip/Content/SideScrollerBP/UI/ScrollerHUD.uasset" 68
"../../../../../../Users/xmigu/Desktop/ScrollLateral/ScrollLateralClases/scroll_lateral.zip/Content/SideScrollerBP/ScrollerHUD.uasset" 69
"../../../../../../Users/xmigu/Desktop/ScrollLateral/ScrollLateralClases/scroll_lateral.zip/Content/SideScrollerBP/Blueprints/Stone.uasset" 70
"../../../../../../Users/xmigu/Desktop/ScrollLateral/ScrollLateralClases/scroll_lateral.zip/Content/SideScrollerBP/Stone.uasset" 71
"../../../../../../Users/xmigu/Desktop/ScrollLateral/ScrollLateralClases/scroll_lateral.zip/Content/SideScrollerBP/Materials/Collectable.uasset" 72
"../../../Engine/Content/EngineMaterials/T_Default_Material_Grid_N.uasset" 73
"../../../Engine/Content/EngineMaterials/T_Default_Material_Grid_M.uasset" 74
"../../../Engine/Content/Functions/Engine_MaterialFunctions01/Opacity/CameraDepthFade.uasset" 75
"../../../Engine/Content/EngineMaterials/WorldGridMaterial.uasset" 76
"../../../Engine/Content/BasicShapes/Cube.uasset" 77
"../../../../../../Users/xmigu/Desktop/ScrollLateral/ScrollLateralClases/scroll_lateral.zip/Content/SideScrollerBP/Blueprints/Gema.uasset" 78
"../../../../../../Users/xmigu/Desktop/ScrollLateral/ScrollLateralClases/scroll_lateral.zip/Content/SideScrollerBP/Blueprints/Pulsador.uasset" 79
"../../../../../../Users/xmigu/Desktop/ScrollLateral/ScrollLateralClases/scroll_lateral.zip/Content/SideScrollerBP/Blueprints/Character.uasset" 80
"../../../../../../Users/xmigu/Desktop/ScrollLateral/ScrollLateralClases/scroll_lateral.zip/Content/SideScrollerBP/Blueprints/SideScrollerCharacter.uasset" 81
"../../../../../../Users/xmigu/Desktop/ScrollLateral/ScrollLateralClases/scroll_lateral.zip/Content/SideScrollerBP/Materials/Danger.uasset" 82
"../../../../../../Users/xmigu/Desktop/ScrollLateral/ScrollLateralClases/scroll_lateral.zip/Content/SideScrollerBP/Blueprints/StoneMaterial.uasset" 83
"../../../../../../Users/xmigu/Desktop/ScrollLateral/ScrollLateralClases/scroll_lateral.zip/Content/SideScrollerBP/Blueprints/Deep.uasset" 84
"../../../../../../Users/xmigu/Desktop/ScrollLateral/ScrollLateralClases/scroll_lateral.zip/Content/SideScrollerBP/Blueprints/SueloLava.uasset" 85
"../../../../../../Users/xmigu/Desktop/ScrollLateral/ScrollLateralClases/scroll_lateral.zip/Content/SideScrollerBP/Blueprints/Takeable.uasset" 86
"../../../../../../Users/xmigu/Desktop/ScrollLateral/ScrollLateralClases/scroll_lateral.zip/Content/SideScrollerBP/Blueprints/VigiaBB.uasset" 87
"../../../../../../Users/xmigu/Desktop/ScrollLateral/ScrollLateralClases/scroll_lateral.zip/Content/SideScrollerBP/Blueprints/FindPoints.uasset" 88
"../../../../../../Users/xmigu/Desktop/ScrollLateral/ScrollLateralClases/scroll_lateral.zip/Content/SideScrollerBP/Blueprints/VigiaBT.uasset" 89
"../../../../../../Users/xmigu/Desktop/ScrollLateral/ScrollLateralClases/scroll_lateral.zip/Content/SideScrollerBP/Blueprints/VigiaController.uasset" 90
"../../../../../../Users/xmigu/Desktop/ScrollLateral/ScrollLateralClases/scroll_lateral.zip/Content/SideScrollerBP/Maps/ScrollerGame_BuiltData.uasset" 91
"../../../../../../Users/xmigu/Desktop/ScrollLateral/ScrollLateralClases/scroll_lateral.zip/Content/SideScrollerBP/Materials/Safe.uasset" 92
"../../../../../../Users/xmigu/Desktop/ScrollLateral/ScrollLateralClases/scroll_lateral.zip/Content/SideScrollerBP/Meshes/CubeMaterial.uasset" 93
"../../../../../../Users/xmigu/Desktop/ScrollLateral/ScrollLateralClases/scroll_lateral.zip/Content/SideScrollerBP/Meshes/Ramp_Mesh.uasset" 94
"../../../Engine/Content/ArtTools/RenderToTexture/Meshes/S_1_Unit_Plane.uasset" 95
"../../../Engine/Content/EngineMaterials/DefaultMaterial.uasset" 96
"../../../Engine/Content/BasicShapes/Cone.uasset" 97
"../../../Engine/Content/BasicShapes/Plane.uasset" 98
"../../../Engine/Content/BasicShapes/Sphere.uasset" 99
"../../../Engine/Content/EditorLandscapeResources/DataLayer.uasset" 100
"../../../Engine/Content/EditorLandscapeResources/DefaultAlphaTexture.uasset" 101
"../../../Engine/Content/EditorMaterials/MAT_Groups_Toggle.uasset" 102
"../../../Engine/Content/EditorMaterials/MAT_Groups_Visibility.uasset" 103
"../../../Engine/Content/EditorMaterials/PreviewShadowIndicator.uasset" 104
"../../../Engine/Content/EditorMaterials/PreviewShadowIndicatorMaterial.uasset" 105
"../../../Engine/Content/EditorMaterials/MatineeGroups/MAT_ColorTrack.uasset" 106
"../../../Engine/Content/EditorMaterials/MatineeGroups/MAT_Groups_Anim.uasset" 107
"../../../Engine/Content/EditorMaterials/MatineeGroups/MAT_Groups_AudioMaster.uasset" 108
"../../../Engine/Content/EditorMaterials/MatineeGroups/MAT_Groups_Director.uasset" 109
"../../../Engine/Content/EditorMaterials/MatineeGroups/MAT_Groups_Event.uasset" 110
"../../../Engine/Content/EditorMaterials/MatineeGroups/MAT_Groups_Fade.uasset" 111
"../../../Engine/Content/EditorMaterials/MatineeGroups/MAT_Groups_Float.uasset" 112
"../../../Engine/Content/EditorMaterials/MatineeGroups/MAT_Groups_Move.uasset" 113
"../../../Engine/Content/EditorMaterials/MatineeGroups/MAT_Groups_Slomo.uasset" 114
"../../../Engine/Content/EditorMaterials/MatineeGroups/MAT_Groups_Sound.uasset" 115
"../../../Engine/Content/EditorMaterials/MatineeGroups/MAT_Groups_Vector.uasset" 116
"../../../Engine/Content/EditorMaterials/ParticleSystems/PSysThumbnail_NoImage.uasset" 117
"../../../Engine/Content/EditorMaterials/ParticleSystems/PSysThumbnail_OOD.uasset" 118
"../../../Engine/Content/EditorMaterials/Camera/CineMat.uasset" 119
"../../../Engine/Content/EditorMaterials/Camera/MI_CineMat_Rig.uasset" 120
"../../../Engine/Content/EditorMeshes/Camera/SM_CraneRig_Arm.uasset" 121
"../../../Engine/Content/EditorMeshes/Camera/SM_CraneRig_Base.uasset" 122
"../../../Engine/Content/EditorMeshes/Camera/SM_CraneRig_Body.uasset" 123
"../../../Engine/Content/EditorMeshes/Camera/SM_CraneRig_Mount.uasset" 124
"../../../Engine/Content/EditorMeshes/Camera/SM_RailRig_Mount.uasset" 125
"../../../Engine/Content/EditorMeshes/Camera/SM_RailRig_Track.uasset" 126
"../../../Engine/Content/EditorResources/BSPVertex.uasset" 127
"../../../Engine/Content/EditorResources/EmptyActor.uasset" 128
"../../../Engine/Content/EditorResources/S_Actor.uasset" 129
"../../../Engine/Content/EditorResources/S_Note.uasset" 130
"../../../Engine/Content/EditorResources/S_Solver.uasset" 131
"../../../Engine/Content/EditorResources/S_Terrain.uasset" 132
"../../../Engine/Content/EditorResources/S_Trigger.uasset" 133
"../../../Engine/Content/EditorResources/SequenceRecorder/Countdown.uasset" 134
"../../../Engine/Content/EditorResources/SequenceRecorder/RecordingIndicator.uasset" 135
"../../../Engine/Content/EngineDamageTypes/DmgTypeBP_Environmental.uasset" 136
"../../../Engine/Content/EngineDebugMaterials/DebugEditorMaterial.uasset" 137
"../../../Engine/Content/EngineDebugMaterials/DebugMeshMaterial.uasset" 138
"../../../Engine/Content/EngineDebugMaterials/M_SimpleUnlitTranslucent.uasset" 139
"../../../Engine/Content/EngineDebugMaterials/VolumeToRender.uasset" 140
"../../../Engine/Content/Functions/Engine_MaterialFunctions02/Utility/CameraDirectionVector.uasset" 141
"../../../Engine/Content/EngineDebugMaterials/M_VolumeRenderSphereTracePP.uasset" 142
"../../../Engine/Content/Functions/Engine_MaterialFunctions01/Shading/ConvertFromDiffSpec.uasset" 143
"../../../Engine/Content/EngineDebugMaterials/VertexColorMaterial.uasset" 144
"../../../Engine/Content/EngineDebugMaterials/WireframeMaterial.uasset" 145
"../../../Engine/Content/EngineFonts/Faces/RobotoRegular.uasset" 146
"../../../Engine/Content/EngineFonts/Faces/RobotoLight.uasset" 147
"../../../Engine/Content/EngineFonts/Faces/RobotoItalic.uasset" 148
"../../../Engine/Content/EngineFonts/Faces/RobotoBoldItalic.uasset" 149
"../../../Engine/Content/EngineFonts/Faces/RobotoBold.uasset" 150
"../../../Engine/Content/EngineFonts/Faces/DroidSansFallback.uasset" 151
"../../../Engine/Content/EngineFonts/Roboto.uasset" 152
"../../../Engine/Content/EngineMaterials/BaseFlattenNormalMap.uasset" 153
"../../../Engine/Content/EngineMaterials/BaseFlattenGrayscaleMap.uasset" 154
"../../../Engine/Content/EngineMaterials/BaseFlattenEmissiveMap.uasset" 155
"../../../Engine/Content/EngineMaterials/BaseFlattenDiffuseMap.uasset" 156
"../../../Engine/Content/EngineMaterials/BaseFlattenMaterial.uasset" 157
"../../../Engine/Content/EngineMaterials/BlueNoise.uasset" 158
"../../../Engine/Content/EngineMaterials/DefaultBloomKernel.uasset" 159
"../../../Engine/Content/EngineMaterials/DefaultBokeh.uasset" 160
"../../../Engine/Content/EngineMaterials/DefaultDiffuse.uasset" 161
"../../../Engine/Content/EngineMaterials/DefaultDeferredDecalMaterial.uasset" 162
"../../../Engine/Content/EngineMaterials/DefaultLightFunctionMaterial.uasset" 163
"../../../Engine/Content/EngineMaterials/DefaultPhysicalMaterial.uasset" 164
"../../../Engine/Content/Functions/Engine_MaterialFunctions02/Utility/BreakOutFloat2Components.uasset" 165
"../../../Engine/Content/EngineMaterials/DefaultPostProcessMaterial.uasset" 166
"../../../Engine/Content/EngineFonts/RobotoDistanceField.uasset" 167
"../../../Engine/Content/EngineMaterials/DefaultTextMaterialOpaque.uasset" 168
"../../../Engine/Content/EngineMaterials/DefaultWhiteGrid.uasset" 169
"../../../Engine/Content/EngineMaterials/DefaultWhiteGrid_Low.uasset" 170
"../../../Engine/Content/EngineMaterials/EmissiveMeshMaterial.uasset" 171
"../../../Engine/Content/EngineMaterials/GizmoMaterial.uasset" 172
"../../../Engine/Content/EngineMaterials/Good64x64TilingNoiseHighFreq.uasset" 173
"../../../Engine/Content/EngineMaterials/MiniFont.uasset" 174
"../../../Engine/Content/EngineMaterials/InvalidLightmapSettings.uasset" 175
"../../../Engine/Content/EngineMaterials/M_InvalidLightmapSettings.uasset" 176
"../../../Engine/Content/Functions/Engine_MaterialFunctions02/WorldPositionOffset/CameraOffset.uasset" 177
"../../../Engine/Content/EngineMaterials/PhAT_JointLimitMaterial.uasset" 178
"../../../Engine/Content/EngineMaterials/PreintegratedSkinBRDF.uasset" 179
"../../../Engine/Content/EngineMaterials/RemoveSurfaceMaterial.uasset" 180
"../../../Engine/Content/EngineMaterials/WeightMapPlaceholderTexture.uasset" 181
"../../../Engine/Content/EngineResources/WhiteSquareTexture.uasset" 182
"../../../Engine/Content/EngineMaterials/Widget3DPassThrough.uasset" 183
"../../../Engine/Content/EngineMaterials/Widget3DPassThrough_Masked.uasset" 184
"../../../Engine/Content/EngineMaterials/Widget3DPassThrough_Opaque.uasset" 185
"../../../Engine/Content/EngineMaterials/Widget3DPassThrough_Masked_OneSided.uasset" 186
"../../../Engine/Content/EngineMaterials/Widget3DPassThrough_Opaque_OneSided.uasset" 187
"../../../Engine/Content/EngineMaterials/Widget3DPassThrough_Translucent.uasset" 188
"../../../Engine/Content/EngineMaterials/Widget3DPassThrough_Translucent_OneSided.uasset" 189
"../../../Engine/Content/EngineMeshes/Cylinder.uasset" 190
"../../../Engine/Content/EngineMeshes/Sphere.uasset" 191
"../../../Engine/Content/EngineResources/Black.uasset" 192
"../../../Engine/Content/EngineResources/DefaultTextureCube.uasset" 193
"../../../Engine/Content/EngineResources/DefaultVolumeTexture2D.uasset" 194
"../../../Engine/Content/EngineResources/DefaultVolumeTexture.uasset" 195
"../../../Engine/Content/EngineResources/GradientTexture0.uasset" 196
"../../../Engine/Content/EngineSky/VolumetricClouds/T_NoiseShape64.uasset" 197
"../../../Engine/Content/EngineSky/VolumetricClouds/T_VolumeNoiseShape64.uasset" 198
"../../../Engine/Content/EngineSky/VolumetricClouds/T_NoiseErosion.uasset" 199
"../../../Engine/Content/EngineSky/VolumetricClouds/T_VolumeNoiseErosion32.uasset" 200
"../../../Engine/Content/Functions/Engine_MaterialFunctions02/Utility/MakeFloat2.uasset" 201
"../../../Engine/Content/EngineSky/VolumetricClouds/CloudWeatherTexture.uasset" 202
"../../../Engine/Content/EngineSky/VolumetricClouds/CloudGradientTexture.uasset" 203
"../../../Engine/Content/EngineSky/VolumetricClouds/m_SimpleVolumetricCloud.uasset" 204
"../../../Engine/Content/EngineSky/VolumetricClouds/m_SimpleVolumetricCloud_Inst.uasset" 205
"../../../Engine/Content/EngineSounds/Master.uasset" 206
"../../../Engine/Content/Functions/Engine_MaterialFunctions01/Shading/PowerToRoughness.uasset" 207
"../../../Engine/Content/Maps/Templates/Thumbnails/Default.uasset" 208
"../../../Engine/Content/Maps/Templates/Thumbnails/TimeOfDay.uasset" 209
"../../../Engine/Content/Maps/Templates/Thumbnails/VR-Basic.uasset" 210
"../../../Engine/Content/MobileResources/T_MobileControls_texture.uasset" 211
"../../../Engine/Content/MobileResources/T_MobileMenu2.uasset" 212
"../../../Engine/Content/MobileResources/HUD/AnalogHat.uasset" 213
"../../../Engine/Content/MobileResources/HUD/VirtualJoystick_Thumb.uasset" 214
"../../../Engine/Content/MobileResources/HUD/VirtualJoystick_Background.uasset" 215
"../../../Engine/Content/MobileResources/HUD/DefaultVirtualJoysticks.uasset" 216
"../../../Engine/Content/MobileResources/HUD/LeftVirtualJoystickOnly.uasset" 217
"../../../Engine/Content/MobileResources/HUD/MobileHUDButton1_off.uasset" 218
"../../../Engine/Content/MobileResources/HUD/MobileHUDButton1_on.uasset" 219
"../../../Engine/Content/MobileResources/HUD/MobileHUDButton2_off.uasset" 220
"../../../Engine/Content/MobileResources/HUD/MobileHUDButton2_on.uasset" 221
"../../../Engine/Content/MobileResources/HUD/MobileHUDButton3.uasset" 222
"../../../Engine/Content/MobileResources/HUD/MobileHUDButtonFire.uasset" 223
"../../../Engine/Content/MobileResources/HUD/MobileHUDDirectionPad.uasset" 224
"../../../Engine/Content/MobileResources/HUD/MobileHUDDirectionPad2.uasset" 225
"../../../Engine/Content/MobileResources/HUD/MobileHUDDirectionPad3.uasset" 226
"../../../Engine/Content/MobileResources/HUD/MobileHUDDirectionStick.uasset" 227
"../../../Engine/Content/MobileResources/HUD/T_Castle_ThumbstickInner.uasset" 228
"../../../Engine/Content/MobileResources/HUD/T_Castle_ThumbstickOutter.uasset" 229
"../../../Engine/Content/Tutorial/ContentIntroCurve.uasset" 230
"../../../Engine/Content/Tutorial/Basics/LevelEditorAttract.uasset" 231
"../../../Engine/Content/Tutorial/Basics/TutorialAssets/icon_tab_Levels_40x.uasset" 232
"../../../Engine/Content/Tutorial/Basics/LevelEditorOverview.uasset" 233
"../../../Engine/Content/VREditor/TransformGizmo/TranslucentTransformGizmoMaterial.uasset" 234
"../../../Engine/Content/VREditor/LaserPointer/VR_LaserPower_01.uasset" 235
"../../../Engine/Content/VREditor/TransformGizmo/TransformGizmoMaterial.uasset" 236
"../../../Engine/Content/VREditor/TransformGizmo/BoundingBoxCorner.uasset" 237
"../../../Engine/Content/VREditor/TransformGizmo/BoundingBoxEdge.uasset" 238
"../../../Engine/Content/VREditor/TransformGizmo/PlaneTranslationHandle.uasset" 239
"../../../Engine/Content/VREditor/TransformGizmo/Xray.uasset" 240
"../../../Engine/Content/VREditor/TransformGizmo/Main.uasset" 241
"../../../Engine/Content/VREditor/TransformGizmo/SM_Sequencer_Key.uasset" 242
"../../../Engine/Content/VREditor/TransformGizmo/SM_Sequencer_Node.uasset" 243
"../../Plugins/2D/Paper2D/Content/PlaceholderTextures/DummySpriteTexture.uasset" 244
"../../Plugins/2D/Paper2D/Content/DummySprite.uasset" 245
"../../Plugins/2D/Paper2D/Content/DefaultPaperTerrainMaterial.uasset" 246
"../../Plugins/2D/Paper2D/Content/DefaultSpriteMaterial.uasset" 247
"../../Plugins/2D/Paper2D/Content/MaskedUnlitSpriteMaterial.uasset" 248
"../../Plugins/2D/Paper2D/Content/OpaqueUnlitSpriteMaterial.uasset" 249
"../../../Engine/Content/Functions/Engine_MaterialFunctions02/Utility/BreakOutFloat3Components.uasset" 250
"../../Plugins/Editor/SpeedTreeImporter/Content/SpeedTree9/UnpackInteger3.uasset" 251
"../../Plugins/Editor/SpeedTreeImporter/Content/SpeedTree9/UnpackDirection.uasset" 252
"../../Plugins/Editor/SpeedTreeImporter/Content/SpeedTree9/game_wind_noise.uasset" 253
"../../../Engine/Content/Functions/Engine_MaterialFunctions02/SafeNormalize.uasset" 254
"../../Plugins/Editor/SpeedTreeImporter/Content/SpeedTree9/SpeedTreeWindMotion.uasset" 255
"../../Plugins/Editor/SpeedTreeImporter/Content/SpeedTree9/SpeedTreeBranchMotion.uasset" 256
"../../../Engine/Content/Functions/Engine_MaterialFunctions02/ObjectLocalBounds.uasset" 257
"../../../Engine/Content/Functions/Engine_MaterialFunctions02/UVs/BoundingBoxBased_0-1_UVW.uasset" 258
"../../Plugins/Editor/SpeedTreeImporter/Content/SpeedTree9/SpeedTreeWind.uasset" 259
"../../Plugins/Editor/SpeedTreeImporter/Content/SpeedTree9/SpeedTreeBillboard.uasset" 260
"../../../Engine/Content/EngineResources/DefaultTexture.uasset" 261
"../../Plugins/Editor/SpeedTreeImporter/Content/SpeedTree9/SpeedTreeBillboardMaster.uasset" 262
"../../Plugins/Editor/SpeedTreeImporter/Content/SpeedTree9/SpeedTreeCameraFacing.uasset" 263
"../../Plugins/Editor/SpeedTreeImporter/Content/SpeedTree9/SpeedTreeMaster.uasset" 264
"../../../Engine/Content/BasicShapes/Cylinder.uasset" 265
"../../../Engine/Content/ArtTools/RenderToTexture/Materials/Debug/M_Emissive_Color.uasset" 266
"../../Plugins/Lumin/MagicLeapPassableWorld/Content/MagicLeapARPinInfoActor.uasset" 267
"../../../Engine/Content/Functions/Engine_MaterialFunctions02/Utility/MakeFloat3.uasset" 268
"../../../Engine/Content/Functions/Engine_MaterialFunctions02/Utility/BreakOutFloat4Components.uasset" 269
"../../Plugins/Runtime/Oculus/OculusVR/Content/Materials/OculusMR_ChromaKey.uasset" 270
"../../Plugins/Runtime/Oculus/OculusVR/Content/Materials/OculusMR_OpaqueColoredMaterial.uasset" 271
"../../Plugins/Runtime/Oculus/OculusVR/Content/Materials/PokeAHoleMaterial.uasset" 272
"../../../Engine/Content/BasicShapes/BasicShapeMaterial.uasset" 273
"../../../../../../Users/xmigu/Desktop/ScrollLateral/ScrollLateralClases/scroll_lateral.zip/Content/Geometry/Material.uasset" 274
"../../../../../../Users/xmigu/Desktop/ScrollLateral/ScrollLateralClases/scroll_lateral.zip/Content/Geometry/portal.uasset" 275
"../../../../../../Users/xmigu/Desktop/ScrollLateral/ScrollLateralClases/scroll_lateral.zip/Content/SideScrollerBP/Blueprints/Portal.uasset" 276
"../../../../../../Users/xmigu/Desktop/ScrollLateral/ScrollLateralClases/scroll_lateral.zip/Content/SideScrollerBP/Blueprints/Checkpoint_BP.uasset" 277
"../../../../../../Users/xmigu/Desktop/ScrollLateral/ScrollLateralClases/scroll_lateral.zip/Content/SideScrollerBP/Maps/Pruebas.umap" 278
